-------------------------------------------------------------------------------
Test set: cucumber.Options.TestRunner
-------------------------------------------------------------------------------
Tests run: 2, Failures: 0, Errors: 2, Skipped: 0, Time elapsed: 0.557 s <<< FAILURE! - in cucumber.Options.TestRunner
Validating Place API's.Verify if Place is being Successfully added using AddPlaceAPI  Time elapsed: 0.129 s  <<< ERROR!
io.cucumber.junit.UndefinedStepException: 
The step 'Add place payload with "Rama Rao" "Telugu" "Kodakandla"' and 5 other step(s) are undefined.
You can implement these steps using the snippet(s) below:

@Given("Add place payload with {string} {string} {string}")
public void add_place_payload_with(String string, String string2, String string3) {
    // Write code here that turns the phrase above into concrete actions
    throw new io.cucumber.java.PendingException();
}
@When("user calls {string} with {string} http request")
public void user_calls_with_http_request(String string, String string2) {
    // Write code here that turns the phrase above into concrete actions
    throw new io.cucumber.java.PendingException();
}
@Then("validate the API call success with status code {string}")
public void validate_the_api_call_success_with_status_code(String string) {
    // Write code here that turns the phrase above into concrete actions
    throw new io.cucumber.java.PendingException();
}
@Then("{string} in response body is {string}")
public void in_response_body_is(String string, String string2) {
    // Write code here that turns the phrase above into concrete actions
    throw new io.cucumber.java.PendingException();
}
@Then("verify place_Id created maps to {string} using {string}")
public void verify_place_id_created_maps_to_using(String string, String string2) {
    // Write code here that turns the phrase above into concrete actions
    throw new io.cucumber.java.PendingException();
}


Validating Place API's.Verify if Delete place functionality is working  Time elapsed: 0.007 s  <<< ERROR!
io.cucumber.junit.UndefinedStepException: 
The step 'DeletePlace payload' and 3 other step(s) are undefined.
You can implement these steps using the snippet(s) below:

@Given("DeletePlace payload")
public void delete_place_payload() {
    // Write code here that turns the phrase above into concrete actions
    throw new io.cucumber.java.PendingException();
}
@When("user calls {string} with {string} http request")
public void user_calls_with_http_request(String string, String string2) {
    // Write code here that turns the phrase above into concrete actions
    throw new io.cucumber.java.PendingException();
}
@Then("validate the API call success with status code {string}")
public void validate_the_api_call_success_with_status_code(String string) {
    // Write code here that turns the phrase above into concrete actions
    throw new io.cucumber.java.PendingException();
}
@Then("{string} in response body is {string}")
public void in_response_body_is(String string, String string2) {
    // Write code here that turns the phrase above into concrete actions
    throw new io.cucumber.java.PendingException();
}


